2026-04-03 12:20:33 [warn]: [CSRF] CSRF_SECRET not set in env — falling back to JWT_SECRET. Set CSRF_SECRET explicitly in production.
2026-04-03 12:20:33 [debug]: [RateLimiter] Using ioredis client for rate-limit-redis adapter.
2026-04-03 12:20:33 [warn]: [RateLimiter] rate-limit-redis adapter failed to init, falling back:
2026-04-03 12:20:33 [debug]: [RateLimiter] Using ioredis client for rate-limit-redis adapter.
2026-04-03 12:20:33 [warn]: [RateLimiter] rate-limit-redis adapter failed to init, falling back:
2026-04-03 12:20:33 [debug]: [RateLimiter] Using ioredis client for rate-limit-redis adapter.
2026-04-03 12:20:33 [warn]: [RateLimiter] rate-limit-redis adapter failed to init, falling back:
2026-04-03 12:20:33 [debug]: [RateLimiter] Using ioredis client for rate-limit-redis adapter.
2026-04-03 12:20:33 [warn]: [RateLimiter] rate-limit-redis adapter failed to init, falling back:
2026-04-03 12:20:33 [debug]: [RateLimiter] Using ioredis client for rate-limit-redis adapter.
2026-04-03 12:20:33 [warn]: [RateLimiter] rate-limit-redis adapter failed to init, falling back:
2026-04-03 12:20:33 [debug]: [RateLimiter] Using ioredis client for rate-limit-redis adapter.
2026-04-03 12:20:33 [warn]: [RateLimiter] rate-limit-redis adapter failed to init, falling back:
2026-04-03 12:20:33 [debug]: [RateLimiter] Using ioredis client for rate-limit-redis adapter.
2026-04-03 12:20:33 [warn]: [RateLimiter] rate-limit-redis adapter failed to init, falling back:
2026-04-03 12:20:33 [debug]: [RateLimiter] Using ioredis client for rate-limit-redis adapter.
2026-04-03 12:20:33 [warn]: [RateLimiter] rate-limit-redis adapter failed to init, falling back:
2026-04-03 12:20:33 [debug]: [RateLimiter] Using ioredis client for rate-limit-redis adapter.
2026-04-03 12:20:33 [warn]: [RateLimiter] rate-limit-redis adapter failed to init, falling back:
2026-04-03 12:20:34 [info]: 🧪  RBAC test routes enabled (development only)
2026-04-03 12:20:34 [info]: 🚀  O'Future API running on port 5000
2026-04-03 12:20:34 [info]: 📍  Environment: development
2026-04-03 12:20:34 [info]: 🔗  Health check: http://localhost:5000/health
2026-04-03 12:20:34 [info]: [redisClient] ioredis ready — using real Redis client.
