2026-04-13 19:33:18 [warn]: [RateLimiter] rate-limit-redis adapter failed to init, falling back:
2026-04-13 19:33:18 [warn]: [RateLimiter] rate-limit-redis adapter failed to init, falling back:
2026-04-13 19:33:18 [warn]: [RateLimiter] rate-limit-redis adapter failed to init, falling back:
2026-04-13 19:33:18 [warn]: [RateLimiter] rate-limit-redis adapter failed to init, falling back:
2026-04-13 19:33:18 [warn]: [RateLimiter] rate-limit-redis adapter failed to init, falling back:
2026-04-13 19:33:18 [warn]: [RateLimiter] rate-limit-redis adapter failed to init, falling back:
2026-04-13 19:33:18 [warn]: [RateLimiter] rate-limit-redis adapter failed to init, falling back:
2026-04-13 19:33:18 [warn]: [RateLimiter] rate-limit-redis adapter failed to init, falling back:
2026-04-13 19:33:18 [warn]: [RateLimiter] rate-limit-redis adapter failed to init, falling back:
2026-04-13 21:03:54 [warn]: [RateLimiter] rate-limit-redis adapter failed to init, falling back:
2026-04-13 21:03:54 [warn]: [RateLimiter] rate-limit-redis adapter failed to init, falling back:
2026-04-13 21:03:54 [warn]: [RateLimiter] rate-limit-redis adapter failed to init, falling back:
2026-04-13 21:03:54 [warn]: [RateLimiter] rate-limit-redis adapter failed to init, falling back:
2026-04-13 21:03:54 [warn]: [RateLimiter] rate-limit-redis adapter failed to init, falling back:
2026-04-13 21:03:54 [warn]: [RateLimiter] rate-limit-redis adapter failed to init, falling back:
2026-04-13 21:03:54 [warn]: [RateLimiter] rate-limit-redis adapter failed to init, falling back:
2026-04-13 21:03:54 [warn]: [RateLimiter] rate-limit-redis adapter failed to init, falling back:
2026-04-13 21:03:54 [warn]: [RateLimiter] rate-limit-redis adapter failed to init, falling back:
2026-04-13 21:11:23 [warn]: Rate limit exceeded: IP=::1 PATH=/uploads/product-1776089153478-669185346.webp
2026-04-13 21:11:23 [warn]: Rate limit exceeded: IP=::1 PATH=/api/seller/orders
2026-04-13 21:11:23 [warn]: Rate limit exceeded: IP=::1 PATH=/api/seller/escrow
2026-04-13 21:11:23 [warn]: Rate limit exceeded: IP=::1 PATH=/api/seller/reviews
2026-04-13 21:11:23 [warn]: Rate limit exceeded: IP=::1 PATH=/api/seller/disputes
2026-04-13 21:11:23 [warn]: Rate limit exceeded: IP=::1 PATH=/api/seller/samples
2026-04-13 21:11:43 [warn]: Rate limit exceeded: IP=::1 PATH=/api/notifications
2026-04-13 21:11:43 [warn]: Rate limit exceeded: IP=::1 PATH=/api/products/seller/my
2026-04-13 21:11:43 [warn]: Rate limit exceeded: IP=::1 PATH=/api/seller/orders
2026-04-13 21:11:43 [warn]: Rate limit exceeded: IP=::1 PATH=/api/seller/escrow
2026-04-13 21:11:43 [warn]: Rate limit exceeded: IP=::1 PATH=/api/seller/reviews
2026-04-13 21:11:43 [warn]: Rate limit exceeded: IP=::1 PATH=/api/seller/disputes
2026-04-13 21:11:43 [warn]: Rate limit exceeded: IP=::1 PATH=/api/seller/samples
2026-04-13 21:13:24 [warn]: Rate limit exceeded: IP=::1 PATH=/api/orders
2026-04-13 21:14:45 [warn]: Rate limit exceeded: IP=::1 PATH=/api/products
2026-04-13 21:14:46 [warn]: Rate limit exceeded: IP=::1 PATH=/uploads/product-1776089153478-669185346.webp
2026-04-13 21:14:48 [warn]: Rate limit exceeded: IP=::1 PATH=/api/products
2026-04-13 21:14:48 [warn]: Rate limit exceeded: IP=::1 PATH=/api/products
2026-04-13 21:14:49 [warn]: Rate limit exceeded: IP=::1 PATH=/api/notifications
2026-04-13 21:14:49 [warn]: Rate limit exceeded: IP=::1 PATH=/api/products
2026-04-13 21:14:49 [warn]: Rate limit exceeded: IP=::1 PATH=/api/products
2026-04-13 21:14:50 [warn]: Rate limit exceeded: IP=::1 PATH=/uploads/product-1776089153478-669185346.webp
2026-04-13 21:14:50 [warn]: Rate limit exceeded: IP=::1 PATH=/uploads/product-1776089153478-669185346.webp
2026-04-13 21:28:34 [warn]: [RateLimiter] rate-limit-redis adapter failed to init, falling back:
2026-04-13 21:28:34 [warn]: [RateLimiter] rate-limit-redis adapter failed to init, falling back:
2026-04-13 21:28:34 [warn]: [RateLimiter] rate-limit-redis adapter failed to init, falling back:
2026-04-13 21:28:34 [warn]: [RateLimiter] rate-limit-redis adapter failed to init, falling back:
2026-04-13 21:28:34 [warn]: [RateLimiter] rate-limit-redis adapter failed to init, falling back:
2026-04-13 21:28:34 [warn]: [RateLimiter] rate-limit-redis adapter failed to init, falling back:
2026-04-13 21:28:34 [warn]: [RateLimiter] rate-limit-redis adapter failed to init, falling back:
2026-04-13 21:28:34 [warn]: [RateLimiter] rate-limit-redis adapter failed to init, falling back:
2026-04-13 21:28:34 [warn]: [RateLimiter] rate-limit-redis adapter failed to init, falling back:
2026-04-13 22:12:45 [warn]: [RateLimiter] rate-limit-redis adapter failed to init, falling back:
2026-04-13 22:12:45 [warn]: [RateLimiter] rate-limit-redis adapter failed to init, falling back:
2026-04-13 22:12:45 [warn]: [RateLimiter] rate-limit-redis adapter failed to init, falling back:
2026-04-13 22:12:45 [warn]: [RateLimiter] rate-limit-redis adapter failed to init, falling back:
2026-04-13 22:12:45 [warn]: [RateLimiter] rate-limit-redis adapter failed to init, falling back:
2026-04-13 22:12:45 [warn]: [RateLimiter] rate-limit-redis adapter failed to init, falling back:
2026-04-13 22:12:45 [warn]: [RateLimiter] rate-limit-redis adapter failed to init, falling back:
2026-04-13 22:12:45 [warn]: [RateLimiter] rate-limit-redis adapter failed to init, falling back:
2026-04-13 22:12:45 [warn]: [RateLimiter] rate-limit-redis adapter failed to init, falling back:
2026-04-14 00:03:02 [warn]: [RateLimiter] rate-limit-redis adapter failed to init, falling back:
2026-04-14 00:03:02 [warn]: [RateLimiter] rate-limit-redis adapter failed to init, falling back:
2026-04-14 00:03:02 [warn]: [RateLimiter] rate-limit-redis adapter failed to init, falling back:
2026-04-14 00:03:02 [warn]: [RateLimiter] rate-limit-redis adapter failed to init, falling back:
2026-04-14 00:03:02 [warn]: [RateLimiter] rate-limit-redis adapter failed to init, falling back:
2026-04-14 00:03:02 [warn]: [RateLimiter] rate-limit-redis adapter failed to init, falling back:
2026-04-14 00:03:02 [warn]: [RateLimiter] rate-limit-redis adapter failed to init, falling back:
2026-04-14 00:03:02 [warn]: [RateLimiter] rate-limit-redis adapter failed to init, falling back:
2026-04-14 00:03:02 [warn]: [RateLimiter] rate-limit-redis adapter failed to init, falling back:
2026-04-14 01:52:23 [warn]: [Security] High-risk request: userId=a07b6ec2-3769-11f1-9eb6-9c2dcd0692eb score=30 signals=[recent_violations:3]
2026-04-14 03:06:32 [warn]: [RateLimiter] rate-limit-redis adapter failed to init, falling back:
2026-04-14 03:06:32 [warn]: [RateLimiter] rate-limit-redis adapter failed to init, falling back:
2026-04-14 03:06:32 [warn]: [RateLimiter] rate-limit-redis adapter failed to init, falling back:
2026-04-14 03:06:32 [warn]: [RateLimiter] rate-limit-redis adapter failed to init, falling back:
2026-04-14 03:06:32 [warn]: [RateLimiter] rate-limit-redis adapter failed to init, falling back:
2026-04-14 03:06:32 [warn]: [RateLimiter] rate-limit-redis adapter failed to init, falling back:
2026-04-14 03:06:32 [warn]: [RateLimiter] rate-limit-redis adapter failed to init, falling back:
2026-04-14 03:06:32 [warn]: [RateLimiter] rate-limit-redis adapter failed to init, falling back:
2026-04-14 03:06:32 [warn]: [RateLimiter] rate-limit-redis adapter failed to init, falling back:
2026-04-14 03:06:40 [warn]: [redisClient] ioredis error — falling back to in-memory client. Error:
2026-04-14 13:07:09 [warn]: [RateLimiter] rate-limit-redis adapter failed to init, falling back:
2026-04-14 13:07:09 [warn]: [RateLimiter] rate-limit-redis adapter failed to init, falling back:
2026-04-14 13:07:09 [warn]: [RateLimiter] rate-limit-redis adapter failed to init, falling back:
2026-04-14 13:07:09 [warn]: [RateLimiter] rate-limit-redis adapter failed to init, falling back:
2026-04-14 13:07:09 [warn]: [RateLimiter] rate-limit-redis adapter failed to init, falling back:
2026-04-14 13:07:09 [warn]: [RateLimiter] rate-limit-redis adapter failed to init, falling back:
2026-04-14 13:07:09 [warn]: [RateLimiter] rate-limit-redis adapter failed to init, falling back:
2026-04-14 13:07:09 [warn]: [RateLimiter] rate-limit-redis adapter failed to init, falling back:
2026-04-14 13:07:09 [warn]: [RateLimiter] rate-limit-redis adapter failed to init, falling back:
